#
# There is insufficient memory for the Java Runtime Environment to continue.
# Native memory allocation (malloc) failed to allocate 179184 bytes for Chunk::new
# Possible reasons:
#   The system is out of physical RAM or swap space
#   The process is running with CompressedOops enabled, and the Java Heap may be blocking the growth of the native heap
# Possible solutions:
#   Reduce memory load on the system
#   Increase physical memory or swap space
#   Check if swap backing store is full
#   Decrease Java heap size (-Xmx/-Xms)
#   Decrease number of Java threads
#   Decrease Java thread stack sizes (-Xss)
#   Set larger code cache with -XX:ReservedCodeCacheSize=
#   JVM is running with Unscaled Compressed Oops mode in which the Java heap is
#     placed in the first 4GB address space. The Java Heap base address is the
#     maximum limit for the native heap growth. Please use -XX:HeapBaseMinAddress
#     to set the Java Heap base and to place the Java Heap above 4GB virtual address.
# This output file may be truncated or incomplete.
#
#  Out of Memory Error (arena.cpp:184), pid=111732, tid=114284
#
# JRE version: OpenJDK Runtime Environment (20.0.1+9) (build 20.0.1+9-29)
# Java VM: OpenJDK 64-Bit Server VM (20.0.1+9-29, mixed mode, sharing, tiered, compressed oops, compressed class ptrs, g1 gc, windows-amd64)
# No core dump will be written. Minidumps are not enabled by default on client versions of Windows
#

---------------  S U M M A R Y ------------

Command Line: -javaagent:C:\Program Files\JetBrains\IntelliJ IDEA Community Edition 2023.1.2\lib\idea_rt.jar=60354:C:\Program Files\JetBrains\IntelliJ IDEA Community Edition 2023.1.2\bin -Dfile.encoding=UTF-8 -Dsun.stdout.encoding=UTF-8 -Dsun.stderr.encoding=UTF-8 com.boersenparty.v_1_1.V11Application

Host: 11th Gen Intel(R) Core(TM) i5-1135G7 @ 2.40GHz, 8 cores, 7G,  Windows 10 , 64 bit Build 19041 (10.0.19041.5198)
Time: Wed Jan  1 22:16:29 2025 Mitteleuropäische Zeit elapsed time: 67.854248 seconds (0d 0h 1m 7s)

---------------  T H R E A D  ---------------

Current thread (0x00000267b8eddac0):  JavaThread "C2 CompilerThread0" daemon [_thread_in_native, id=114284, stack(0x000000d486b00000,0x000000d486c00000)]


Current CompileTask:
C2:  67854 7874   !   4       java.util.concurrent.ConcurrentHashMap::replaceNode (437 bytes)

Stack: [0x000000d486b00000,0x000000d486c00000]
Native frames: (J=compiled Java code, j=interpreted, Vv=VM code, C=native code)
V  [jvm.dll+0x6bb95a]
V  [jvm.dll+0x8485fa]
V  [jvm.dll+0x84a1f5]
V  [jvm.dll+0x84a8f3]
V  [jvm.dll+0x280b0f]
V  [jvm.dll+0xc2b11]
V  [jvm.dll+0xc2e35]
V  [jvm.dll+0x3bb17c]
V  [jvm.dll+0x3857f5]
V  [jvm.dll+0x384c6a]
V  [jvm.dll+0x24b259]
V  [jvm.dll+0x24a651]
V  [jvm.dll+0x1ce491]
V  [jvm.dll+0x259e1b]
V  [jvm.dll+0x2584f0]
V  [jvm.dll+0x3f2895]
V  [jvm.dll+0x7f4b56]
V  [jvm.dll+0x6ba5cb]
C  [ucrtbase.dll+0x21bb2]
C  [KERNEL32.DLL+0x17374]
C  [ntdll.dll+0x4cc91]


---------------  P R O C E S S  ---------------

Threads class SMR info:
_java_thread_list=0x00000267c0a44760, length=30, elements={
0x00000267b8ecd040, 0x00000267b8ecdf30, 0x00000267b8ecf0a0, 0x00000267b8ed2bf0,
0x00000267b8ed3e30, 0x00000267b8ed5780, 0x00000267b8eddac0, 0x00000267b8ee6c70,
0x00000267b8e95f00, 0x00000267bd483990, 0x00000267bd50fc10, 0x00000267beddb260,
0x00000267beddad10, 0x00000267beddb7b0, 0x00000267beddd240, 0x00000267beddc250,
0x00000267beddd790, 0x00000267bedda270, 0x00000267bedda7c0, 0x00000267c0a6eb00,
0x00000267c0a71ad0, 0x00000267c0a6faf0, 0x00000267c0a72570, 0x00000267c0a6e5b0,
0x00000267c0a6f5a0, 0x00000267c0a70040, 0x00000267c0a70590, 0x00000267c0a6f050,
0x00000267c0a70ae0, 0x00000267c0a71030
}

Java Threads: ( => current thread )
  0x00000267b8ecd040 JavaThread "Reference Handler" daemon [_thread_blocked, id=128940, stack(0x000000d486500000,0x000000d486600000)]
  0x00000267b8ecdf30 JavaThread "Finalizer" daemon [_thread_blocked, id=15164, stack(0x000000d486600000,0x000000d486700000)]
  0x00000267b8ecf0a0 JavaThread "Signal Dispatcher" daemon [_thread_blocked, id=9380, stack(0x000000d486700000,0x000000d486800000)]
  0x00000267b8ed2bf0 JavaThread "Attach Listener" daemon [_thread_blocked, id=131792, stack(0x000000d486800000,0x000000d486900000)]
  0x00000267b8ed3e30 JavaThread "Service Thread" daemon [_thread_blocked, id=129000, stack(0x000000d486900000,0x000000d486a00000)]
  0x00000267b8ed5780 JavaThread "Monitor Deflation Thread" daemon [_thread_blocked, id=125160, stack(0x000000d486a00000,0x000000d486b00000)]
=>0x00000267b8eddac0 JavaThread "C2 CompilerThread0" daemon [_thread_in_native, id=114284, stack(0x000000d486b00000,0x000000d486c00000)]
  0x00000267b8ee6c70 JavaThread "C1 CompilerThread0" daemon [_thread_blocked, id=130144, stack(0x000000d486c00000,0x000000d486d00000)]
  0x00000267b8e95f00 JavaThread "Common-Cleaner" daemon [_thread_blocked, id=125936, stack(0x000000d486d00000,0x000000d486e00000)]
  0x00000267bd483990 JavaThread "Monitor Ctrl-Break" daemon [_thread_in_native, id=124940, stack(0x000000d486e00000,0x000000d486f00000)]
  0x00000267bd50fc10 JavaThread "Notification Thread" daemon [_thread_blocked, id=21308, stack(0x000000d486f00000,0x000000d487000000)]
  0x00000267beddb260 JavaThread "Catalina-utility-1" [_thread_blocked, id=124712, stack(0x000000d487900000,0x000000d487a00000)]
  0x00000267beddad10 JavaThread "Catalina-utility-2" [_thread_blocked, id=129436, stack(0x000000d487a00000,0x000000d487b00000)]
  0x00000267beddb7b0 JavaThread "container-0" [_thread_blocked, id=122052, stack(0x000000d487b00000,0x000000d487c00000)]
  0x00000267beddd240 JavaThread "PostgreSQL-JDBC-Cleaner" daemon [_thread_blocked, id=129252, stack(0x000000d487d00000,0x000000d487e00000)]
  0x00000267beddc250 JavaThread "HikariPool-1 housekeeper" daemon [_thread_blocked, id=126092, stack(0x000000d487e00000,0x000000d487f00000)]
  0x00000267beddd790 JavaThread "http-nio-8080-exec-1" daemon [_thread_blocked, id=19952, stack(0x000000d488100000,0x000000d488200000)]
  0x00000267bedda270 JavaThread "http-nio-8080-exec-2" daemon [_thread_blocked, id=130132, stack(0x000000d488200000,0x000000d488300000)]
  0x00000267bedda7c0 JavaThread "http-nio-8080-exec-3" daemon [_thread_blocked, id=126144, stack(0x000000d488300000,0x000000d488400000)]
  0x00000267c0a6eb00 JavaThread "http-nio-8080-exec-4" daemon [_thread_blocked, id=126108, stack(0x000000d488400000,0x000000d488500000)]
  0x00000267c0a71ad0 JavaThread "http-nio-8080-exec-5" daemon [_thread_blocked, id=107316, stack(0x000000d488500000,0x000000d488600000)]
  0x00000267c0a6faf0 JavaThread "http-nio-8080-exec-6" daemon [_thread_blocked, id=130044, stack(0x000000d488600000,0x000000d488700000)]
  0x00000267c0a72570 JavaThread "http-nio-8080-exec-7" daemon [_thread_blocked, id=123824, stack(0x000000d488700000,0x000000d488800000)]
  0x00000267c0a6e5b0 JavaThread "http-nio-8080-exec-8" daemon [_thread_blocked, id=122576, stack(0x000000d488800000,0x000000d488900000)]
  0x00000267c0a6f5a0 JavaThread "http-nio-8080-exec-9" daemon [_thread_blocked, id=79192, stack(0x000000d488900000,0x000000d488a00000)]
  0x00000267c0a70040 JavaThread "http-nio-8080-exec-10" daemon [_thread_blocked, id=131436, stack(0x000000d488a00000,0x000000d488b00000)]
  0x00000267c0a70590 JavaThread "http-nio-8080-Poller" daemon [_thread_in_native, id=74008, stack(0x000000d488b00000,0x000000d488c00000)]
  0x00000267c0a6f050 JavaThread "http-nio-8080-Acceptor" daemon [_thread_in_native, id=121916, stack(0x000000d488c00000,0x000000d488d00000)]
  0x00000267c0a70ae0 JavaThread "DestroyJavaVM" [_thread_blocked, id=114180, stack(0x000000d485e00000,0x000000d485f00000)]
  0x00000267c0a71030 JavaThread "pool-2-thread-1" [_thread_blocked, id=128796, stack(0x000000d485b00000,0x000000d485c00000)]

Other Threads:
  0x00000267b8ea99b0 VMThread "VM Thread" [stack: 0x000000d486400000,0x000000d486500000] [id=104180]
  0x000002679c5b9890 WatcherThread "VM Periodic Task Thread" [stack: 0x000000d487000000,0x000000d487100000] [id=125056]
  0x000002679c612a20 WorkerThread "GC Thread#0" [stack: 0x000000d485f00000,0x000000d486000000] [id=125608]
  0x00000267bdf3b270 WorkerThread "GC Thread#1" [stack: 0x000000d487100000,0x000000d487200000] [id=111264]
  0x00000267bdfb2040 WorkerThread "GC Thread#2" [stack: 0x000000d487200000,0x000000d487300000] [id=130240]
  0x00000267bdfd6930 WorkerThread "GC Thread#3" [stack: 0x000000d487300000,0x000000d487400000] [id=118388]
  0x00000267bdfd6c00 WorkerThread "GC Thread#4" [stack: 0x000000d487400000,0x000000d487500000] [id=112400]
  0x00000267bdfd7470 WorkerThread "GC Thread#5" [stack: 0x000000d487500000,0x000000d487600000] [id=104844]
  0x00000267bdfd5df0 WorkerThread "GC Thread#6" [stack: 0x000000d487700000,0x000000d487800000] [id=121220]
  0x00000267bdfd60c0 WorkerThread "GC Thread#7" [stack: 0x000000d487800000,0x000000d487900000] [id=129412]
  0x000002679c623490 ConcurrentGCThread "G1 Main Marker" [stack: 0x000000d486000000,0x000000d486100000] [id=6200]
  0x000002679c623ec0 WorkerThread "G1 Conc#0" [stack: 0x000000d486100000,0x000000d486200000] [id=83636]
  0x00000267be598490 WorkerThread "G1 Conc#1" [stack: 0x000000d487600000,0x000000d487700000] [id=131968]
  0x000002679c66e7e0 ConcurrentGCThread "G1 Refine#0" [stack: 0x000000d486200000,0x000000d486300000] [id=108824]
  0x00000267b8d68450 ConcurrentGCThread "G1 Service" [stack: 0x000000d486300000,0x000000d486400000] [id=60160]

Threads with active compile tasks:
C2 CompilerThread0    67914 7874   !   4       java.util.concurrent.ConcurrentHashMap::replaceNode (437 bytes)

VM state: not at safepoint (normal execution)

VM Mutex/Monitor currently owned by a thread: None

Heap address: 0x0000000083200000, size: 1998 MB, Compressed Oops mode: 32-bit

CDS archive(s) mapped at: [0x0000000800000000-0x0000000800c60000-0x0000000800c60000), size 12976128, SharedBaseAddress: 0x0000000800000000, ArchiveRelocationMode: 0.
Compressed class space mapped at: 0x0000000801000000-0x0000000841000000, reserved size: 1073741824
Narrow klass base: 0x0000000800000000, Narrow klass shift: 0, Narrow klass range: 0x100000000

GC Precious Log:
 CardTable entry size: 512
 Card Set container configuration: InlinePtr #cards 5 size 8 Array Of Cards #cards 12 size 40 Howl #buckets 4 coarsen threshold 1843 Howl Bitmap #cards 512 size 80 coarsen threshold 460 Card regions per heap region 1 cards per card region 2048
 CPUs: 8 total, 8 available
 Memory: 7991M
 Large Page Support: Disabled
 NUMA Support: Disabled
 Compressed Oops: Enabled (32-bit)
 Heap Region Size: 1M
 Heap Min Capacity: 8M
 Heap Initial Capacity: 126M
 Heap Max Capacity: 1998M
 Pre-touch: Disabled
 Parallel Workers: 8
 Concurrent Workers: 2
 Concurrent Refinement Workers: 8
 Periodic GC: Disabled

Heap:
 garbage-first heap   total 65536K, used 44868K [0x0000000083200000, 0x0000000100000000)
  region size 1024K, 13 young (13312K), 3 survivors (3072K)
 Metaspace       used 81118K, committed 81920K, reserved 1179648K
  class space    used 10809K, committed 11136K, reserved 1048576K

Heap Regions: E=young(eden), S=young(survivor), O=old, HS=humongous(starts), HC=humongous(continues), CS=collection set, F=free, OA=open archive, CA=closed archive, TAMS=top-at-mark-start, PB=parsable bottom
|   0|0x0000000083200000, 0x0000000083300000, 0x0000000083300000|100%|HS|  |TAMS 0x0000000083200000| PB 0x0000000083200000| Complete 
|   1|0x0000000083300000, 0x0000000083400000, 0x0000000083400000|100%| O|  |TAMS 0x0000000083300000| PB 0x0000000083300000| Untracked 
|   2|0x0000000083400000, 0x0000000083500000, 0x0000000083500000|100%| O|  |TAMS 0x0000000083400000| PB 0x0000000083400000| Untracked 
|   3|0x0000000083500000, 0x0000000083600000, 0x0000000083600000|100%| O|  |TAMS 0x0000000083500000| PB 0x0000000083500000| Untracked 
|   4|0x0000000083600000, 0x0000000083700000, 0x0000000083700000|100%| O|  |TAMS 0x0000000083600000| PB 0x0000000083600000| Untracked 
|   5|0x0000000083700000, 0x0000000083800000, 0x0000000083800000|100%| O|  |TAMS 0x0000000083700000| PB 0x0000000083700000| Untracked 
|   6|0x0000000083800000, 0x0000000083900000, 0x0000000083900000|100%| O|  |TAMS 0x0000000083800000| PB 0x0000000083800000| Untracked 
|   7|0x0000000083900000, 0x0000000083a00000, 0x0000000083a00000|100%| O|  |TAMS 0x0000000083900000| PB 0x0000000083900000| Untracked 
|   8|0x0000000083a00000, 0x0000000083b00000, 0x0000000083b00000|100%| O|  |TAMS 0x0000000083a00000| PB 0x0000000083a00000| Untracked 
|   9|0x0000000083b00000, 0x0000000083c00000, 0x0000000083c00000|100%| O|  |TAMS 0x0000000083b00000| PB 0x0000000083b00000| Complete 
|  10|0x0000000083c00000, 0x0000000083d00000, 0x0000000083d00000|100%| O|  |TAMS 0x0000000083c00000| PB 0x0000000083c00000| Untracked 
|  11|0x0000000083d00000, 0x0000000083e00000, 0x0000000083e00000|100%| O|  |TAMS 0x0000000083d00000| PB 0x0000000083d00000| Untracked 
|  12|0x0000000083e00000, 0x0000000083f00000, 0x0000000083f00000|100%| O|  |TAMS 0x0000000083e00000| PB 0x0000000083e00000| Untracked 
|  13|0x0000000083f00000, 0x0000000084000000, 0x0000000084000000|100%| O|  |TAMS 0x0000000083f00000| PB 0x0000000083f00000| Untracked 
|  14|0x0000000084000000, 0x0000000084100000, 0x0000000084100000|100%| O|  |TAMS 0x0000000084000000| PB 0x0000000084000000| Untracked 
|  15|0x0000000084100000, 0x0000000084200000, 0x0000000084200000|100%| O|  |TAMS 0x0000000084100000| PB 0x0000000084100000| Untracked 
|  16|0x0000000084200000, 0x0000000084300000, 0x0000000084300000|100%| O|  |TAMS 0x0000000084200000| PB 0x0000000084200000| Untracked 
|  17|0x0000000084300000, 0x0000000084400000, 0x0000000084400000|100%| O|  |TAMS 0x0000000084300000| PB 0x0000000084300000| Untracked 
|  18|0x0000000084400000, 0x0000000084500000, 0x0000000084500000|100%| O|  |TAMS 0x0000000084400000| PB 0x0000000084400000| Untracked 
|  19|0x0000000084500000, 0x0000000084600000, 0x0000000084600000|100%| O|  |TAMS 0x0000000084500000| PB 0x0000000084500000| Untracked 
|  20|0x0000000084600000, 0x0000000084700000, 0x0000000084700000|100%| O|  |TAMS 0x0000000084600000| PB 0x0000000084600000| Untracked 
|  21|0x0000000084700000, 0x0000000084800000, 0x0000000084800000|100%| O|  |TAMS 0x0000000084700000| PB 0x0000000084700000| Untracked 
|  22|0x0000000084800000, 0x0000000084900000, 0x0000000084900000|100%| O|  |TAMS 0x0000000084800000| PB 0x0000000084800000| Untracked 
|  23|0x0000000084900000, 0x0000000084a00000, 0x0000000084a00000|100%| O|  |TAMS 0x0000000084900000| PB 0x0000000084900000| Untracked 
|  24|0x0000000084a00000, 0x0000000084b00000, 0x0000000084b00000|100%| O|  |TAMS 0x0000000084a00000| PB 0x0000000084a00000| Untracked 
|  25|0x0000000084b00000, 0x0000000084c00000, 0x0000000084c00000|100%| O|  |TAMS 0x0000000084b00000| PB 0x0000000084b00000| Untracked 
|  26|0x0000000084c00000, 0x0000000084d00000, 0x0000000084d00000|100%| O|  |TAMS 0x0000000084c00000| PB 0x0000000084c00000| Untracked 
|  27|0x0000000084d00000, 0x0000000084e00000, 0x0000000084e00000|100%| O|  |TAMS 0x0000000084d00000| PB 0x0000000084d00000| Untracked 
|  28|0x0000000084e00000, 0x0000000084f00000, 0x0000000084f00000|100%| O|  |TAMS 0x0000000084e00000| PB 0x0000000084e00000| Untracked 
|  29|0x0000000084f00000, 0x0000000085000000, 0x0000000085000000|100%| O|  |TAMS 0x0000000084f00000| PB 0x0000000084f00000| Untracked 
|  30|0x0000000085000000, 0x0000000085100000, 0x0000000085100000|100%| O|  |TAMS 0x0000000085000000| PB 0x0000000085000000| Complete 
|  31|0x0000000085100000, 0x0000000085200000, 0x0000000085200000|100%| O|  |TAMS 0x0000000085100000| PB 0x0000000085100000| Untracked 
|  32|0x0000000085200000, 0x0000000085300000, 0x0000000085300000|100%| O|  |TAMS 0x0000000085200000| PB 0x0000000085200000| Untracked 
|  33|0x0000000085300000, 0x0000000085364e00, 0x0000000085400000| 39%| O|  |TAMS 0x0000000085300000| PB 0x0000000085300000| Untracked 
|  34|0x0000000085400000, 0x0000000085400000, 0x0000000085500000|  0%| F|  |TAMS 0x0000000085400000| PB 0x0000000085400000| Untracked 
|  35|0x0000000085500000, 0x0000000085500000, 0x0000000085600000|  0%| F|  |TAMS 0x0000000085500000| PB 0x0000000085500000| Untracked 
|  36|0x0000000085600000, 0x0000000085600000, 0x0000000085700000|  0%| F|  |TAMS 0x0000000085600000| PB 0x0000000085600000| Untracked 
|  37|0x0000000085700000, 0x0000000085700000, 0x0000000085800000|  0%| F|  |TAMS 0x0000000085700000| PB 0x0000000085700000| Untracked 
|  38|0x0000000085800000, 0x0000000085800000, 0x0000000085900000|  0%| F|  |TAMS 0x0000000085800000| PB 0x0000000085800000| Untracked 
|  39|0x0000000085900000, 0x0000000085900000, 0x0000000085a00000|  0%| F|  |TAMS 0x0000000085900000| PB 0x0000000085900000| Untracked 
|  40|0x0000000085a00000, 0x0000000085a00000, 0x0000000085b00000|  0%| F|  |TAMS 0x0000000085a00000| PB 0x0000000085a00000| Untracked 
|  41|0x0000000085b00000, 0x0000000085b00000, 0x0000000085c00000|  0%| F|  |TAMS 0x0000000085b00000| PB 0x0000000085b00000| Untracked 
|  42|0x0000000085c00000, 0x0000000085c00000, 0x0000000085d00000|  0%| F|  |TAMS 0x0000000085c00000| PB 0x0000000085c00000| Untracked 
|  43|0x0000000085d00000, 0x0000000085d00000, 0x0000000085e00000|  0%| F|  |TAMS 0x0000000085d00000| PB 0x0000000085d00000| Untracked 
|  44|0x0000000085e00000, 0x0000000085e00000, 0x0000000085f00000|  0%| F|  |TAMS 0x0000000085e00000| PB 0x0000000085e00000| Untracked 
|  45|0x0000000085f00000, 0x0000000085f00000, 0x0000000086000000|  0%| F|  |TAMS 0x0000000085f00000| PB 0x0000000085f00000| Untracked 
|  46|0x0000000086000000, 0x0000000086000000, 0x0000000086100000|  0%| F|  |TAMS 0x0000000086000000| PB 0x0000000086000000| Untracked 
|  47|0x0000000086100000, 0x000000008616c570, 0x0000000086200000| 42%| S|CS|TAMS 0x0000000086100000| PB 0x0000000086100000| Complete 
|  48|0x0000000086200000, 0x0000000086300000, 0x0000000086300000|100%| S|CS|TAMS 0x0000000086200000| PB 0x0000000086200000| Complete 
|  49|0x0000000086300000, 0x0000000086400000, 0x0000000086400000|100%| S|CS|TAMS 0x0000000086300000| PB 0x0000000086300000| Complete 
|  50|0x0000000086400000, 0x0000000086400000, 0x0000000086500000|  0%| F|  |TAMS 0x0000000086400000| PB 0x0000000086400000| Untracked 
|  51|0x0000000086500000, 0x0000000086500000, 0x0000000086600000|  0%| F|  |TAMS 0x0000000086500000| PB 0x0000000086500000| Untracked 
|  52|0x0000000086600000, 0x0000000086600000, 0x0000000086700000|  0%| F|  |TAMS 0x0000000086600000| PB 0x0000000086600000| Untracked 
|  53|0x0000000086700000, 0x0000000086700000, 0x0000000086800000|  0%| F|  |TAMS 0x0000000086700000| PB 0x0000000086700000| Untracked 
|  54|0x0000000086800000, 0x00000000868ad030, 0x0000000086900000| 67%| E|  |TAMS 0x0000000086800000| PB 0x0000000086800000| Complete 
|  55|0x0000000086900000, 0x0000000086a00000, 0x0000000086a00000|100%| E|  |TAMS 0x0000000086900000| PB 0x0000000086900000| Complete 
|  70|0x0000000087800000, 0x0000000087900000, 0x0000000087900000|100%| E|CS|TAMS 0x0000000087800000| PB 0x0000000087800000| Complete 
|  71|0x0000000087900000, 0x0000000087a00000, 0x0000000087a00000|100%| E|CS|TAMS 0x0000000087900000| PB 0x0000000087900000| Complete 
|  72|0x0000000087a00000, 0x0000000087b00000, 0x0000000087b00000|100%| E|CS|TAMS 0x0000000087a00000| PB 0x0000000087a00000| Complete 
|  73|0x0000000087b00000, 0x0000000087c00000, 0x0000000087c00000|100%| E|CS|TAMS 0x0000000087b00000| PB 0x0000000087b00000| Complete 
|  74|0x0000000087c00000, 0x0000000087d00000, 0x0000000087d00000|100%| E|CS|TAMS 0x0000000087c00000| PB 0x0000000087c00000| Complete 
|  75|0x0000000087d00000, 0x0000000087e00000, 0x0000000087e00000|100%| E|CS|TAMS 0x0000000087d00000| PB 0x0000000087d00000| Complete 
|  76|0x0000000087e00000, 0x0000000087f00000, 0x0000000087f00000|100%| E|CS|TAMS 0x0000000087e00000| PB 0x0000000087e00000| Complete 
| 125|0x000000008af00000, 0x000000008b000000, 0x000000008b000000|100%| E|CS|TAMS 0x000000008af00000| PB 0x000000008af00000| Complete 

Card table byte_map: [0x00000267b3d80000,0x00000267b4170000] _byte_map_base: 0x00000267b3967000

Marking Bits: (CMBitMap*) 0x000002679c613050
 Bits: [0x00000267b4560000, 0x00000267b6498000)

Polling page: 0x000002679a570000

Metaspace:

Usage:
  Non-class:     68.66 MB used.
      Class:     10.56 MB used.
       Both:     79.22 MB used.

Virtual space:
  Non-class space:      128.00 MB reserved,      69.12 MB ( 54%) committed,  2 nodes.
      Class space:        1.00 GB reserved,      10.88 MB (  1%) committed,  1 nodes.
             Both:        1.12 GB reserved,      80.00 MB (  7%) committed. 

Chunk freelists:
   Non-Class:  2.79 MB
       Class:  1.06 MB
        Both:  3.85 MB

MaxMetaspaceSize: unlimited
CompressedClassSpaceSize: 1.00 GB
Initial GC threshold: 21.00 MB
Current GC threshold: 124.31 MB
CDS: on
MetaspaceReclaimPolicy: balanced
 - commit_granule_bytes: 65536.
 - commit_granule_words: 8192.
 - virtual_space_node_default_size: 8388608.
 - enlarge_chunks_in_place: 1.
 - new_chunks_are_fully_committed: 0.
 - uncommit_free_chunks: 1.
 - use_allocation_guard: 0.


Internal statistics:

num_allocs_failed_limit: 12.
num_arena_births: 1236.
num_arena_deaths: 0.
num_vsnodes_births: 3.
num_vsnodes_deaths: 0.
num_space_committed: 1280.
num_space_uncommitted: 0.
num_chunks_returned_to_freelist: 12.
num_chunks_taken_from_freelist: 4104.
num_chunk_merges: 12.
num_chunk_splits: 2937.
num_chunks_enlarged: 2251.
num_inconsistent_stats: 0.

CodeHeap 'non-profiled nmethods': size=120000Kb used=3863Kb max_used=3863Kb free=116136Kb
 bounds [0x00000267ac130000, 0x00000267ac500000, 0x00000267b3660000]
CodeHeap 'profiled nmethods': size=120000Kb used=12041Kb max_used=12041Kb free=107958Kb
 bounds [0x00000267a4660000, 0x00000267a5230000, 0x00000267abb90000]
CodeHeap 'non-nmethods': size=5760Kb used=2007Kb max_used=2021Kb free=3752Kb
 bounds [0x00000267abb90000, 0x00000267abe00000, 0x00000267ac130000]
 total_blobs=7614 nmethods=6842 adapters=681
 compilation: enabled
              stopped_count=0, restarted_count=0
 full_count=0

Compilation events (20 events):
Event: 67.840 Thread 0x00000267b8ee6c70 7881       3       org.springframework.web.servlet.mvc.condition.ProducesRequestCondition::getExpressionsToCompare (23 bytes)
Event: 67.840 Thread 0x00000267b8ee6c70 nmethod 7881 0x00000267a521e890 code [0x00000267a521ea40, 0x00000267a521ec98]
Event: 67.840 Thread 0x00000267b8ee6c70 7882       3       org.springframework.security.web.firewall.StrictHttpFirewall::decodedUrlContains (32 bytes)
Event: 67.841 Thread 0x00000267b8ee6c70 nmethod 7882 0x00000267a521ed90 code [0x00000267a521efa0, 0x00000267a521f778]
Event: 67.841 Thread 0x00000267b8ee6c70 7883       3       org.apache.catalina.core.ApplicationHttpRequest::getAttribute (105 bytes)
Event: 67.841 Thread 0x00000267b8ee6c70 nmethod 7883 0x00000267a521fa10 code [0x00000267a521fc40, 0x00000267a5220460]
Event: 67.841 Thread 0x00000267b8ee6c70 7884       3       org.apache.catalina.core.ApplicationHttpRequest::getSpecial (36 bytes)
Event: 67.841 Thread 0x00000267b8ee6c70 nmethod 7884 0x00000267a5220690 code [0x00000267a5220860, 0x00000267a5220db8]
Event: 67.841 Thread 0x00000267b8ee6c70 7887       3       org.springframework.web.util.pattern.PathPattern$$Lambda$1446/0x000000080197f3e0::applyAsInt (8 bytes)
Event: 67.844 Thread 0x00000267b8ee6c70 nmethod 7887 0x00000267a5220f90 code [0x00000267a5221140, 0x00000267a52214c0]
Event: 67.844 Thread 0x00000267b8ee6c70 7888       3       org.springframework.web.util.pattern.PathPattern::lambda$static$1 (16 bytes)
Event: 67.845 Thread 0x00000267b8ee6c70 nmethod 7888 0x00000267a5221610 code [0x00000267a52217a0, 0x00000267a52219b0]
Event: 67.845 Thread 0x00000267b8ee6c70 7889       3       org.springframework.web.util.pattern.PathPattern$$Lambda$1447/0x000000080197f5f0::applyAsInt (8 bytes)
Event: 67.845 Thread 0x00000267b8ee6c70 nmethod 7889 0x00000267a5221a90 code [0x00000267a5221c20, 0x00000267a5221e58]
Event: 67.845 Thread 0x00000267b8ee6c70 7890       3       org.apache.tomcat.util.http.MimeHeaders::getValue (26 bytes)
Event: 67.845 Thread 0x00000267b8ee6c70 nmethod 7890 0x00000267a5221f10 code [0x00000267a52220a0, 0x00000267a52222b8]
Event: 67.845 Thread 0x00000267b8ee6c70 7886       3       org.apache.catalina.connector.Request::getHeaders (12 bytes)
Event: 67.845 Thread 0x00000267b8ee6c70 nmethod 7886 0x00000267a5222410 code [0x00000267a52225c0, 0x00000267a5222800]
Event: 67.846 Thread 0x00000267b8ee6c70 7891       3       java.nio.Buffer::rewind (12 bytes)
Event: 67.846 Thread 0x00000267b8ee6c70 nmethod 7891 0x00000267a5222910 code [0x00000267a5222aa0, 0x00000267a5222bc0]

GC Heap History (20 events):
Event: 6.280 GC heap before
{Heap before GC invocations=11 (full 0):
 garbage-first heap   total 55296K, used 46331K [0x0000000083200000, 0x0000000100000000)
  region size 1024K, 26 young (26624K), 4 survivors (4096K)
 Metaspace       used 54761K, committed 55360K, reserved 1114112K
  class space    used 7306K, committed 7552K, reserved 1048576K
}
Event: 6.283 GC heap after
{Heap after GC invocations=12 (full 0):
 garbage-first heap   total 55296K, used 24746K [0x0000000083200000, 0x0000000100000000)
  region size 1024K, 3 young (3072K), 3 survivors (3072K)
 Metaspace       used 54761K, committed 55360K, reserved 1114112K
  class space    used 7306K, committed 7552K, reserved 1048576K
}
Event: 6.784 GC heap before
{Heap before GC invocations=12 (full 0):
 garbage-first heap   total 55296K, used 47274K [0x0000000083200000, 0x0000000100000000)
  region size 1024K, 25 young (25600K), 3 survivors (3072K)
 Metaspace       used 59050K, committed 59712K, reserved 1114112K
  class space    used 7891K, committed 8192K, reserved 1048576K
}
Event: 6.786 GC heap after
{Heap after GC invocations=13 (full 0):
 garbage-first heap   total 55296K, used 26683K [0x0000000083200000, 0x0000000100000000)
  region size 1024K, 4 young (4096K), 4 survivors (4096K)
 Metaspace       used 59050K, committed 59712K, reserved 1114112K
  class space    used 7891K, committed 8192K, reserved 1048576K
}
Event: 6.870 GC heap before
{Heap before GC invocations=13 (full 0):
 garbage-first heap   total 55296K, used 30779K [0x0000000083200000, 0x0000000100000000)
  region size 1024K, 9 young (9216K), 4 survivors (4096K)
 Metaspace       used 59859K, committed 60416K, reserved 1114112K
  class space    used 8015K, committed 8256K, reserved 1048576K
}
Event: 6.873 GC heap after
{Heap after GC invocations=14 (full 0):
 garbage-first heap   total 55296K, used 27212K [0x0000000083200000, 0x0000000100000000)
  region size 1024K, 1 young (1024K), 1 survivors (1024K)
 Metaspace       used 59859K, committed 60416K, reserved 1114112K
  class space    used 8015K, committed 8256K, reserved 1048576K
}
Event: 7.123 GC heap before
{Heap before GC invocations=15 (full 0):
 garbage-first heap   total 55296K, used 48716K [0x0000000083200000, 0x0000000100000000)
  region size 1024K, 22 young (22528K), 1 survivors (1024K)
 Metaspace       used 61180K, committed 61824K, reserved 1114112K
  class space    used 8229K, committed 8512K, reserved 1048576K
}
Event: 7.124 GC heap after
{Heap after GC invocations=16 (full 0):
 garbage-first heap   total 55296K, used 28399K [0x0000000083200000, 0x0000000100000000)
  region size 1024K, 2 young (2048K), 2 survivors (2048K)
 Metaspace       used 61180K, committed 61824K, reserved 1114112K
  class space    used 8229K, committed 8512K, reserved 1048576K
}
Event: 7.473 GC heap before
{Heap before GC invocations=16 (full 0):
 garbage-first heap   total 55296K, used 47855K [0x0000000083200000, 0x0000000100000000)
  region size 1024K, 22 young (22528K), 2 survivors (2048K)
 Metaspace       used 64816K, committed 65536K, reserved 1114112K
  class space    used 8686K, committed 9024K, reserved 1048576K
}
Event: 7.477 GC heap after
{Heap after GC invocations=17 (full 0):
 garbage-first heap   total 55296K, used 29984K [0x0000000083200000, 0x0000000100000000)
  region size 1024K, 3 young (3072K), 3 survivors (3072K)
 Metaspace       used 64816K, committed 65536K, reserved 1114112K
  class space    used 8686K, committed 9024K, reserved 1048576K
}
Event: 8.287 GC heap before
{Heap before GC invocations=17 (full 0):
 garbage-first heap   total 55296K, used 46368K [0x0000000083200000, 0x0000000100000000)
  region size 1024K, 20 young (20480K), 3 survivors (3072K)
 Metaspace       used 70357K, committed 71040K, reserved 1114112K
  class space    used 9361K, committed 9664K, reserved 1048576K
}
Event: 8.291 GC heap after
{Heap after GC invocations=18 (full 0):
 garbage-first heap   total 55296K, used 31674K [0x0000000083200000, 0x0000000100000000)
  region size 1024K, 2 young (2048K), 2 survivors (2048K)
 Metaspace       used 70357K, committed 71040K, reserved 1114112K
  class space    used 9361K, committed 9664K, reserved 1048576K
}
Event: 8.542 GC heap before
{Heap before GC invocations=19 (full 0):
 garbage-first heap   total 58368K, used 48058K [0x0000000083200000, 0x0000000100000000)
  region size 1024K, 18 young (18432K), 2 survivors (2048K)
 Metaspace       used 71406K, committed 72192K, reserved 1114112K
  class space    used 9505K, committed 9856K, reserved 1048576K
}
Event: 8.544 GC heap after
{Heap after GC invocations=20 (full 0):
 garbage-first heap   total 58368K, used 33173K [0x0000000083200000, 0x0000000100000000)
  region size 1024K, 3 young (3072K), 3 survivors (3072K)
 Metaspace       used 71406K, committed 72192K, reserved 1114112K
  class space    used 9505K, committed 9856K, reserved 1048576K
}
Event: 8.793 GC heap before
{Heap before GC invocations=20 (full 0):
 garbage-first heap   total 58368K, used 50581K [0x0000000083200000, 0x0000000100000000)
  region size 1024K, 20 young (20480K), 3 survivors (3072K)
 Metaspace       used 73168K, committed 73984K, reserved 1114112K
  class space    used 9728K, committed 10112K, reserved 1048576K
}
Event: 8.796 GC heap after
{Heap after GC invocations=21 (full 0):
 garbage-first heap   total 58368K, used 34440K [0x0000000083200000, 0x0000000100000000)
  region size 1024K, 3 young (3072K), 3 survivors (3072K)
 Metaspace       used 73168K, committed 73984K, reserved 1114112K
  class space    used 9728K, committed 10112K, reserved 1048576K
}
Event: 15.845 GC heap before
{Heap before GC invocations=21 (full 0):
 garbage-first heap   total 58368K, used 50824K [0x0000000083200000, 0x0000000100000000)
  region size 1024K, 19 young (19456K), 3 survivors (3072K)
 Metaspace       used 75279K, committed 76096K, reserved 1179648K
  class space    used 10007K, committed 10368K, reserved 1048576K
}
Event: 15.848 GC heap after
{Heap after GC invocations=22 (full 0):
 garbage-first heap   total 58368K, used 35879K [0x0000000083200000, 0x0000000100000000)
  region size 1024K, 3 young (3072K), 3 survivors (3072K)
 Metaspace       used 75279K, committed 76096K, reserved 1179648K
  class space    used 10007K, committed 10368K, reserved 1048576K
}
Event: 43.186 GC heap before
{Heap before GC invocations=23 (full 0):
 garbage-first heap   total 65536K, used 49191K [0x0000000083200000, 0x0000000100000000)
  region size 1024K, 17 young (17408K), 3 survivors (3072K)
 Metaspace       used 79222K, committed 80064K, reserved 1179648K
  class space    used 10574K, committed 10944K, reserved 1048576K
}
Event: 43.233 GC heap after
{Heap after GC invocations=24 (full 0):
 garbage-first heap   total 65536K, used 36676K [0x0000000083200000, 0x0000000100000000)
  region size 1024K, 3 young (3072K), 3 survivors (3072K)
 Metaspace       used 79222K, committed 80064K, reserved 1179648K
  class space    used 10574K, committed 10944K, reserved 1048576K
}

Dll operation events (14 events):
Event: 0.013 Loaded shared library C:\Users\Mati\.jdks\openjdk-20.0.1\bin\java.dll
Event: 0.023 Loaded shared library C:\Users\Mati\.jdks\openjdk-20.0.1\bin\jsvml.dll
Event: 0.116 Loaded shared library C:\Users\Mati\.jdks\openjdk-20.0.1\bin\zip.dll
Event: 0.121 Loaded shared library C:\Users\Mati\.jdks\openjdk-20.0.1\bin\instrument.dll
Event: 0.131 Loaded shared library C:\Users\Mati\.jdks\openjdk-20.0.1\bin\net.dll
Event: 0.133 Loaded shared library C:\Users\Mati\.jdks\openjdk-20.0.1\bin\nio.dll
Event: 0.139 Loaded shared library C:\Users\Mati\.jdks\openjdk-20.0.1\bin\zip.dll
Event: 0.473 Loaded shared library C:\Program Files\JetBrains\IntelliJ IDEA Community Edition 2023.1.2\bin\breakgen64.dll
Event: 0.485 Loaded shared library C:\Users\Mati\.jdks\openjdk-20.0.1\bin\extnet.dll
Event: 0.526 Loaded shared library C:\Users\Mati\.jdks\openjdk-20.0.1\bin\jimage.dll
Event: 1.604 Loaded shared library C:\Users\Mati\.jdks\openjdk-20.0.1\bin\sunmscapi.dll
Event: 3.756 Loaded shared library C:\Users\Mati\.jdks\openjdk-20.0.1\bin\management.dll
Event: 3.759 Loaded shared library C:\Users\Mati\.jdks\openjdk-20.0.1\bin\management_ext.dll
Event: 4.356 Loaded shared library C:\Users\Mati\.jdks\openjdk-20.0.1\bin\verify.dll

Deoptimization events (20 events):
Event: 16.032 Thread 0x00000267bedda270 Uncommon trap: trap_request=0xffffff45 fr.pc=0x00000267ac2352a8 relative=0x0000000000000208
Event: 16.032 Thread 0x00000267bedda270 Uncommon trap: reason=unstable_if action=reinterpret pc=0x00000267ac2352a8 method=java.util.HashMap.getNode(Ljava/lang/Object;)Ljava/util/HashMap$Node; @ 66 c2
Event: 16.032 Thread 0x00000267bedda270 DEOPT PACKING pc=0x00000267ac2352a8 sp=0x000000d4882fb3f0
Event: 16.032 Thread 0x00000267bedda270 DEOPT UNPACKING pc=0x00000267abbad2a2 sp=0x000000d4882fb310 mode 2
Event: 40.972 Thread 0x00000267c0a71ad0 DEOPT PACKING pc=0x00000267a50d5b6e sp=0x000000d4885fc580
Event: 40.972 Thread 0x00000267c0a71ad0 DEOPT UNPACKING pc=0x00000267abbfe462 sp=0x000000d4885fba00 mode 0
Event: 49.818 Thread 0x00000267c0a71ad0 DEOPT PACKING pc=0x00000267a4cda61c sp=0x000000d4885fd030
Event: 49.824 Thread 0x00000267c0a71ad0 DEOPT UNPACKING pc=0x00000267abbfe462 sp=0x000000d4885fc4e0 mode 0
Event: 52.816 Thread 0x00000267c0a6e5b0 DEOPT PACKING pc=0x00000267a50d9510 sp=0x000000d4888fc810
Event: 52.816 Thread 0x00000267c0a6e5b0 DEOPT UNPACKING pc=0x00000267abbfe462 sp=0x000000d4888fbcb8 mode 0
Event: 58.822 Thread 0x00000267c0a70040 DEOPT PACKING pc=0x00000267a485e8b0 sp=0x000000d488afc660
Event: 58.828 Thread 0x00000267c0a70040 DEOPT UNPACKING pc=0x00000267abbfe462 sp=0x000000d488afbae0 mode 0
Event: 64.451 Thread 0x00000267c0a71ad0 DEOPT PACKING pc=0x00000267a5089bcc sp=0x000000d4885fae80
Event: 64.451 Thread 0x00000267c0a71ad0 DEOPT UNPACKING pc=0x00000267abbfe462 sp=0x000000d4885fa330 mode 0
Event: 64.506 Thread 0x00000267c0a71030 Uncommon trap: trap_request=0xffffff45 fr.pc=0x00000267ac18ba94 relative=0x00000000000003d4
Event: 64.506 Thread 0x00000267c0a71030 Uncommon trap: reason=unstable_if action=reinterpret pc=0x00000267ac18ba94 method=jdk.internal.org.objectweb.asm.MethodWriter.visitVarInsn(II)V @ 242 c2
Event: 64.506 Thread 0x00000267c0a71030 DEOPT PACKING pc=0x00000267ac18ba94 sp=0x000000d485bfdb60
Event: 64.506 Thread 0x00000267c0a71030 DEOPT UNPACKING pc=0x00000267abbad2a2 sp=0x000000d485bfdaf8 mode 2
Event: 67.819 Thread 0x00000267c0a6faf0 DEOPT PACKING pc=0x00000267a50d667c sp=0x000000d4886fc410
Event: 67.819 Thread 0x00000267c0a6faf0 DEOPT UNPACKING pc=0x00000267abbfe462 sp=0x000000d4886fb890 mode 0

Classes loaded (20 events):
Event: 64.360 Loading class java/util/concurrent/Executors$DelegatedScheduledExecutorService
Event: 64.364 Loading class java/util/concurrent/Executors$DelegatedExecutorService
Event: 64.365 Loading class java/util/concurrent/Executors$DelegatedExecutorService done
Event: 64.365 Loading class java/util/concurrent/Executors$DelegatedScheduledExecutorService done
Event: 64.482 Loading class sun/net/www/http/HttpCapture
Event: 64.483 Loading class sun/net/www/http/HttpCapture done
Event: 64.483 Loading class sun/net/www/http/HttpCapture$1
Event: 64.484 Loading class sun/net/www/http/HttpCapture$1 done
Event: 64.491 Loading class sun/net/www/protocol/http/HttpURLConnection$StreamingOutputStream
Event: 64.493 Loading class sun/net/www/protocol/http/HttpURLConnection$StreamingOutputStream done
Event: 64.493 Loading class sun/net/www/http/ChunkedOutputStream
Event: 64.494 Loading class sun/net/www/http/ChunkedOutputStream done
Event: 64.502 Loading class java/util/ArrayList$SubList$2
Event: 64.503 Loading class java/util/ArrayList$SubList$2 done
Event: 64.511 Loading class sun/net/www/HeaderParser
Event: 64.512 Loading class sun/net/www/HeaderParser done
Event: 64.513 Loading class java/net/HttpRetryException
Event: 64.514 Loading class java/net/HttpRetryException done
Event: 64.514 Loading class sun/net/www/protocol/http/HttpURLConnection$10
Event: 64.515 Loading class sun/net/www/protocol/http/HttpURLConnection$10 done

Classes unloaded (0 events):
No events

Classes redefined (0 events):
No events

Internal exceptions (20 events):
Event: 8.720 Thread 0x000002679c5b89a0 Exception <a 'java/lang/NoSuchMethodError'{0x0000000085f49d08}: 'java.lang.Object java.lang.invoke.DirectMethodHandle$Holder.invokeVirtual(java.lang.Object, java.lang.Object, java.lang.Object, java.lang.Object, java.lang.Object, java.lang.Object, java.lang.Object, java.lang.Object, java.lang.Object, java.lang.Object)'> (0x0000000085f49d08) 
thrown [s\open\src\hotspot\share\interpreter\linkResolver.cpp, line 773]
Event: 8.759 Thread 0x000002679c5b89a0 Exception <a 'java/lang/IncompatibleClassChangeError'{0x0000000085c40cd8}: Found class java.lang.Object, but interface was expected> (0x0000000085c40cd8) 
thrown [s\open\src\hotspot\share\interpreter\linkResolver.cpp, line 840]
Event: 8.769 Thread 0x000002679c5b89a0 Implicit null exception at 0x00000267ac250448 to 0x00000267ac250634
Event: 8.889 Thread 0x000002679c5b89a0 Exception <a 'java/lang/NoSuchMethodError'{0x00000000861dfb78}: 'java.lang.Object java.lang.invoke.DirectMethodHandle$Holder.newInvokeSpecial(java.lang.Object, java.lang.Object, int, java.lang.Object, java.lang.Object)'> (0x00000000861dfb78) 
thrown [s\open\src\hotspot\share\interpreter\linkResolver.cpp, line 773]
Event: 15.768 Thread 0x00000267beddd790 Exception <a 'java/lang/NoSuchMethodError'{0x0000000085d4d5f8}: 'java.lang.Object java.lang.invoke.DirectMethodHandle$Holder.invokeSpecial(java.lang.Object, java.lang.Object, java.lang.Object, java.lang.Object, java.lang.Object, long)'> (0x0000000085d4d5f8) 
thrown [s\open\src\hotspot\share\interpreter\linkResolver.cpp, line 773]
Event: 15.768 Thread 0x00000267beddd790 Exception <a 'java/lang/NoSuchMethodError'{0x0000000085d50db8}: 'java.lang.Object java.lang.invoke.Invokers$Holder.linkToTargetMethod(java.lang.Object, java.lang.Object, java.lang.Object, long, java.lang.Object)'> (0x0000000085d50db8) 
thrown [s\open\src\hotspot\share\interpreter\linkResolver.cpp, line 773]
Event: 15.913 Thread 0x00000267bedda270 Exception <a 'java/lang/NoSuchMethodError'{0x0000000087c32068}: 'java.lang.Object java.lang.invoke.DirectMethodHandle$Holder.invokeInterface(java.lang.Object, java.lang.Object, java.lang.Object, java.lang.Object)'> (0x0000000087c32068) 
thrown [s\open\src\hotspot\share\interpreter\linkResolver.cpp, line 773]
Event: 15.915 Thread 0x00000267bedda270 Exception <a 'java/lang/NoSuchMethodError'{0x0000000087cc20c0}: 'java.lang.Object java.lang.invoke.DirectMethodHandle$Holder.invokeInterface(java.lang.Object, java.lang.Object, java.lang.Object, java.lang.Object, java.lang.Object)'> (0x0000000087cc20c0) 
thrown [s\open\src\hotspot\share\interpreter\linkResolver.cpp, line 773]
Event: 15.924 Thread 0x00000267bedda270 Exception <a 'java/lang/NoSuchMethodError'{0x0000000087ba2968}: 'void java.lang.invoke.DirectMethodHandle$Holder.invokeSpecialIFC(java.lang.Object, java.lang.Object, int, java.lang.Object, java.lang.Object, java.lang.Object, java.lang.Object)'> (0x0000000087ba2968) 
thrown [s\open\src\hotspot\share\interpreter\linkResolver.cpp, line 773]
Event: 43.698 Thread 0x00000267c0a6e5b0 Exception <a 'java/lang/NoSuchMethodError'{0x0000000087d468d8}: 'int java.lang.invoke.DirectMethodHandle$Holder.invokeStatic(java.lang.Object, java.lang.Object, int, int)'> (0x0000000087d468d8) 
thrown [s\open\src\hotspot\share\interpreter\linkResolver.cpp, line 773]
Event: 64.107 Thread 0x00000267c0a71ad0 Exception <a 'java/lang/NoSuchMethodError'{0x00000000879e2388}: 'java.lang.Object java.lang.invoke.DirectMethodHandle$Holder.invokeSpecial(java.lang.Object, java.lang.Object, java.lang.Object, java.lang.Object, double)'> (0x00000000879e2388) 
thrown [s\open\src\hotspot\share\interpreter\linkResolver.cpp, line 773]
Event: 64.108 Thread 0x00000267c0a71ad0 Exception <a 'java/lang/NoSuchMethodError'{0x00000000879e64a0}: 'java.lang.Object java.lang.invoke.Invokers$Holder.linkToTargetMethod(java.lang.Object, java.lang.Object, double, java.lang.Object)'> (0x00000000879e64a0) 
thrown [s\open\src\hotspot\share\interpreter\linkResolver.cpp, line 773]
Event: 64.224 Thread 0x00000267c0a71ad0 Exception <a 'java/lang/NoSuchMethodError'{0x00000000878450a0}: 'int java.lang.invoke.Invokers$Holder.invokeExact_MT(java.lang.Object, java.lang.Object, java.lang.Object)'> (0x00000000878450a0) 
thrown [s\open\src\hotspot\share\interpreter\linkResolver.cpp, line 773]
Event: 64.277 Thread 0x00000267c0a71ad0 Exception <a 'java/lang/NoSuchMethodError'{0x00000000878564c0}: 'double java.lang.invoke.DelegatingMethodHandle$Holder.reinvoke_L(java.lang.Object, java.lang.Object)'> (0x00000000878564c0) 
thrown [s\open\src\hotspot\share\interpreter\linkResolver.cpp, line 773]
Event: 64.283 Thread 0x00000267c0a71ad0 Exception <a 'java/lang/NoSuchMethodError'{0x0000000087861638}: 'void java.lang.invoke.DelegatingMethodHandle$Holder.reinvoke_L(java.lang.Object, java.lang.Object, double)'> (0x0000000087861638) 
thrown [s\open\src\hotspot\share\interpreter\linkResolver.cpp, line 773]
Event: 64.286 Thread 0x00000267c0a71ad0 Exception <a 'java/lang/NoSuchMethodError'{0x0000000087868ed0}: 'double java.lang.invoke.Invokers$Holder.invokeExact_MT(java.lang.Object, java.lang.Object, java.lang.Object)'> (0x0000000087868ed0) 
thrown [s\open\src\hotspot\share\interpreter\linkResolver.cpp, line 773]
Event: 64.499 Thread 0x00000267c0a6eb00 Exception <a 'java/lang/NoSuchMethodError'{0x00000000878fce08}: 'java.lang.Object java.lang.invoke.DirectMethodHandle$Holder.invokeStatic(java.lang.Object, int, int)'> (0x00000000878fce08) 
thrown [s\open\src\hotspot\share\interpreter\linkResolver.cpp, line 773]
Event: 64.506 Thread 0x00000267c0a71030 Exception <a 'java/lang/NoSuchMethodError'{0x000000008691d1c0}: 'double java.lang.invoke.DirectMethodHandle$Holder.invokeVirtual(java.lang.Object, java.lang.Object)'> (0x000000008691d1c0) 
thrown [s\open\src\hotspot\share\interpreter\linkResolver.cpp, line 773]
Event: 64.865 Thread 0x00000267c0a72570 Exception <a 'java/lang/NoSuchMethodError'{0x00000000869b6ba8}: 'void java.lang.invoke.Invokers$Holder.invokeExact_MT(java.lang.Object, java.lang.Object, int, java.lang.Object)'> (0x00000000869b6ba8) 
thrown [s\open\src\hotspot\share\interpreter\linkResolver.cpp, line 773]
Event: 64.869 Thread 0x00000267c0a72570 Exception <a 'java/lang/IncompatibleClassChangeError'{0x00000000869bf2e0}: Found class java.lang.Object, but interface was expected> (0x00000000869bf2e0) 
thrown [s\open\src\hotspot\share\interpreter\linkResolver.cpp, line 840]

VM Operations (20 events):
Event: 44.242 Executing VM operation: Cleanup
Event: 44.242 Executing VM operation: Cleanup done
Event: 47.268 Executing VM operation: Cleanup
Event: 47.268 Executing VM operation: Cleanup done
Event: 50.298 Executing VM operation: Cleanup
Event: 50.298 Executing VM operation: Cleanup done
Event: 53.302 Executing VM operation: Cleanup
Event: 53.302 Executing VM operation: Cleanup done
Event: 56.336 Executing VM operation: Cleanup
Event: 56.336 Executing VM operation: Cleanup done
Event: 59.359 Executing VM operation: Cleanup
Event: 59.359 Executing VM operation: Cleanup done
Event: 62.394 Executing VM operation: Cleanup
Event: 62.394 Executing VM operation: Cleanup done
Event: 64.420 Executing VM operation: Cleanup
Event: 64.451 Executing VM operation: Cleanup done
Event: 64.451 Executing VM operation: HandshakeAllThreads
Event: 64.451 Executing VM operation: HandshakeAllThreads done
Event: 65.454 Executing VM operation: Cleanup
Event: 65.454 Executing VM operation: Cleanup done

Events (20 events):
Event: 15.881 Thread 0x00000267b8ea99b0 flushing nmethod 0x00000267a46aa110
Event: 15.881 Thread 0x00000267b8ea99b0 flushing nmethod 0x00000267ac3e6d10
Event: 15.881 Thread 0x00000267b8ea99b0 flushing nmethod 0x00000267ac3b7490
Event: 15.881 Thread 0x00000267b8ea99b0 flushing nmethod 0x00000267ac391190
Event: 15.881 Thread 0x00000267b8ea99b0 flushing nmethod 0x00000267ac371410
Event: 15.881 Thread 0x00000267b8ea99b0 flushing nmethod 0x00000267ac33f310
Event: 15.881 Thread 0x00000267b8ea99b0 flushing nmethod 0x00000267ac33ce90
Event: 15.881 Thread 0x00000267b8ea99b0 flushing nmethod 0x00000267ac2faf90
Event: 15.881 Thread 0x00000267b8ea99b0 flushing nmethod 0x00000267ac2acd90
Event: 15.881 Thread 0x00000267b8ea99b0 flushing nmethod 0x00000267ac200910
Event: 15.881 Thread 0x00000267b8ea99b0 flushing nmethod 0x00000267ac1ff890
Event: 15.881 Thread 0x00000267b8ea99b0 flushing nmethod 0x00000267ac2ae990
Event: 15.881 Thread 0x00000267b8ea99b0 flushing nmethod 0x00000267ac28aa90
Event: 15.881 Thread 0x00000267b8ea99b0 flushing nmethod 0x00000267ac231710
Event: 15.881 Thread 0x00000267b8ea99b0 flushing nmethod 0x00000267ac226b10
Event: 15.881 Thread 0x00000267b8ea99b0 flushing nmethod 0x00000267ac203f10
Event: 15.881 Thread 0x00000267b8ea99b0 flushing nmethod 0x00000267ac1f7d10
Event: 15.881 Thread 0x00000267b8ea99b0 flushing nmethod 0x00000267ac161610
Event: 18.064 Thread 0x00000267beddccf0 Thread exited: 0x00000267beddccf0
Event: 64.374 Thread 0x00000267c0a71030 Thread added: 0x00000267c0a71030


Dynamic libraries:
0x00007ff79db70000 - 0x00007ff79db7e000 	C:\Users\Mati\.jdks\openjdk-20.0.1\bin\java.exe
0x00007ffd3e850000 - 0x00007ffd3ea48000 	C:\Windows\SYSTEM32\ntdll.dll
0x00007ffd3e4f0000 - 0x00007ffd3e5b2000 	C:\Windows\System32\KERNEL32.DLL
0x00007ffd3c0c0000 - 0x00007ffd3c3be000 	C:\Windows\System32\KERNELBASE.dll
0x00007ffd3c720000 - 0x00007ffd3c820000 	C:\Windows\System32\ucrtbase.dll
0x00007ffd347d0000 - 0x00007ffd347eb000 	C:\Users\Mati\.jdks\openjdk-20.0.1\bin\VCRUNTIME140.dll
0x00007ffd347b0000 - 0x00007ffd347c7000 	C:\Users\Mati\.jdks\openjdk-20.0.1\bin\jli.dll
0x00007ffd3c930000 - 0x00007ffd3cacd000 	C:\Windows\System32\USER32.dll
0x00007ffd3c630000 - 0x00007ffd3c652000 	C:\Windows\System32\win32u.dll
0x00007ffd3e360000 - 0x00007ffd3e38b000 	C:\Windows\System32\GDI32.dll
0x00007ffd2ab20000 - 0x00007ffd2adba000 	C:\Windows\WinSxS\amd64_microsoft.windows.common-controls_6595b64144ccf1df_6.0.19041.4355_none_60b8b9eb71f62e16\COMCTL32.dll
0x00007ffd3cc60000 - 0x00007ffd3ccfe000 	C:\Windows\System32\msvcrt.dll
0x00007ffd3c3c0000 - 0x00007ffd3c4d7000 	C:\Windows\System32\gdi32full.dll
0x00007ffd3c4e0000 - 0x00007ffd3c57d000 	C:\Windows\System32\msvcp_win.dll
0x00007ffd3de40000 - 0x00007ffd3de6f000 	C:\Windows\System32\IMM32.DLL
0x00007ffd39130000 - 0x00007ffd3913c000 	C:\Users\Mati\.jdks\openjdk-20.0.1\bin\vcruntime140_1.dll
0x00007ffd337a0000 - 0x00007ffd3382e000 	C:\Users\Mati\.jdks\openjdk-20.0.1\bin\msvcp140.dll
0x00007ffce64a0000 - 0x00007ffce7137000 	C:\Users\Mati\.jdks\openjdk-20.0.1\bin\server\jvm.dll
0x00007ffd3e3a0000 - 0x00007ffd3e451000 	C:\Windows\System32\ADVAPI32.dll
0x00007ffd3d400000 - 0x00007ffd3d49f000 	C:\Windows\System32\sechost.dll
0x00007ffd3dd10000 - 0x00007ffd3de33000 	C:\Windows\System32\RPCRT4.dll
0x00007ffd3c660000 - 0x00007ffd3c687000 	C:\Windows\System32\bcrypt.dll
0x00007ffd24af0000 - 0x00007ffd24b17000 	C:\Windows\SYSTEM32\WINMM.dll
0x00007ffd33ee0000 - 0x00007ffd33eea000 	C:\Windows\SYSTEM32\VERSION.dll
0x00007ffd1dda0000 - 0x00007ffd1dda9000 	C:\Windows\SYSTEM32\WSOCK32.dll
0x00007ffd3d4a0000 - 0x00007ffd3d50b000 	C:\Windows\System32\WS2_32.dll
0x00007ffd39c30000 - 0x00007ffd39c42000 	C:\Windows\SYSTEM32\kernel.appcore.dll
0x00007ffd38ac0000 - 0x00007ffd38aca000 	C:\Users\Mati\.jdks\openjdk-20.0.1\bin\jimage.dll
0x00007ffd395a0000 - 0x00007ffd39784000 	C:\Windows\SYSTEM32\DBGHELP.DLL
0x00007ffd31500000 - 0x00007ffd31534000 	C:\Windows\SYSTEM32\dbgcore.DLL
0x00007ffd3c690000 - 0x00007ffd3c712000 	C:\Windows\System32\bcryptPrimitives.dll
0x00007ffd347a0000 - 0x00007ffd347ae000 	C:\Users\Mati\.jdks\openjdk-20.0.1\bin\instrument.dll
0x00007ffd346e0000 - 0x00007ffd34706000 	C:\Users\Mati\.jdks\openjdk-20.0.1\bin\java.dll
0x00007ffd136d0000 - 0x00007ffd137a7000 	C:\Users\Mati\.jdks\openjdk-20.0.1\bin\jsvml.dll
0x00007ffd3d510000 - 0x00007ffd3dc7d000 	C:\Windows\System32\SHELL32.dll
0x00007ffd39f30000 - 0x00007ffd3a6d4000 	C:\Windows\SYSTEM32\windows.storage.dll
0x00007ffd3d0a0000 - 0x00007ffd3d3f3000 	C:\Windows\System32\combase.dll
0x00007ffd3b920000 - 0x00007ffd3b94e000 	C:\Windows\SYSTEM32\Wldp.dll
0x00007ffd3e620000 - 0x00007ffd3e6ed000 	C:\Windows\System32\OLEAUT32.dll
0x00007ffd3c880000 - 0x00007ffd3c92d000 	C:\Windows\System32\SHCORE.dll
0x00007ffd3cd00000 - 0x00007ffd3cd55000 	C:\Windows\System32\shlwapi.dll
0x00007ffd3be20000 - 0x00007ffd3be44000 	C:\Windows\SYSTEM32\profapi.dll
0x00007ffd33780000 - 0x00007ffd33798000 	C:\Users\Mati\.jdks\openjdk-20.0.1\bin\zip.dll
0x00007ffd34760000 - 0x00007ffd34773000 	C:\Users\Mati\.jdks\openjdk-20.0.1\bin\net.dll
0x00007ffd38090000 - 0x00007ffd3819d000 	C:\Windows\SYSTEM32\WINHTTP.dll
0x00007ffd3b680000 - 0x00007ffd3b6ea000 	C:\Windows\system32\mswsock.dll
0x00007ffd346c0000 - 0x00007ffd346d6000 	C:\Users\Mati\.jdks\openjdk-20.0.1\bin\nio.dll
0x00007ffd33010000 - 0x00007ffd3302a000 	C:\Program Files\JetBrains\IntelliJ IDEA Community Edition 2023.1.2\bin\breakgen64.dll
0x00007ffd33720000 - 0x00007ffd33727000 	C:\Users\Mati\.jdks\openjdk-20.0.1\bin\extnet.dll
0x00007ffd33750000 - 0x00007ffd3375e000 	C:\Users\Mati\.jdks\openjdk-20.0.1\bin\sunmscapi.dll
0x00007ffd3bef0000 - 0x00007ffd3c04c000 	C:\Windows\System32\CRYPT32.dll
0x00007ffd3b990000 - 0x00007ffd3b9b7000 	C:\Windows\SYSTEM32\ncrypt.dll
0x00007ffd3b950000 - 0x00007ffd3b98b000 	C:\Windows\SYSTEM32\NTASN1.dll
0x00007ffd3b870000 - 0x00007ffd3b888000 	C:\Windows\SYSTEM32\CRYPTSP.dll
0x00007ffd3af00000 - 0x00007ffd3af34000 	C:\Windows\system32\rsaenh.dll
0x00007ffd3bda0000 - 0x00007ffd3bdce000 	C:\Windows\SYSTEM32\USERENV.dll
0x00007ffd3b890000 - 0x00007ffd3b89c000 	C:\Windows\SYSTEM32\CRYPTBASE.dll
0x00007ffd3b310000 - 0x00007ffd3b34b000 	C:\Windows\SYSTEM32\IPHLPAPI.DLL
0x00007ffd3dc80000 - 0x00007ffd3dc88000 	C:\Windows\System32\NSI.dll
0x00007ffd36d90000 - 0x00007ffd36da7000 	C:\Windows\SYSTEM32\dhcpcsvc6.DLL
0x00007ffd36d70000 - 0x00007ffd36d8d000 	C:\Windows\SYSTEM32\dhcpcsvc.DLL
0x00007ffd3b360000 - 0x00007ffd3b42a000 	C:\Windows\SYSTEM32\DNSAPI.dll
0x00007ffd33770000 - 0x00007ffd3377a000 	C:\Users\Mati\.jdks\openjdk-20.0.1\bin\management.dll
0x00007ffd33760000 - 0x00007ffd3376b000 	C:\Users\Mati\.jdks\openjdk-20.0.1\bin\management_ext.dll
0x00007ffd3c870000 - 0x00007ffd3c878000 	C:\Windows\System32\PSAPI.DLL
0x00007ffd346b0000 - 0x00007ffd346c0000 	C:\Users\Mati\.jdks\openjdk-20.0.1\bin\verify.dll
0x00007ffd36d60000 - 0x00007ffd36d6a000 	C:\Windows\System32\rasadhlp.dll
0x00007ffd32cf0000 - 0x00007ffd32d70000 	C:\Windows\System32\fwpuclnt.dll
0x00007ffcd5ae0000 - 0x00007ffcd5ae7000 	C:\Windows\system32\wshunix.dll

dbghelp: loaded successfully - version: 4.0.5 - missing functions: none
symbol engine: initialized successfully - sym options: 0x614 - pdb path: .;C:\Users\Mati\.jdks\openjdk-20.0.1\bin;C:\Windows\SYSTEM32;C:\Windows\WinSxS\amd64_microsoft.windows.common-controls_6595b64144ccf1df_6.0.19041.4355_none_60b8b9eb71f62e16;C:\Users\Mati\.jdks\openjdk-20.0.1\bin\server;C:\Program Files\JetBrains\IntelliJ IDEA Community Edition 2023.1.2\bin

VM Arguments:
jvm_args: -javaagent:C:\Program Files\JetBrains\IntelliJ IDEA Community Edition 2023.1.2\lib\idea_rt.jar=60354:C:\Program Files\JetBrains\IntelliJ IDEA Community Edition 2023.1.2\bin -Dfile.encoding=UTF-8 -Dsun.stdout.encoding=UTF-8 -Dsun.stderr.encoding=UTF-8 
java_command: com.boersenparty.v_1_1.V11Application
java_class_path (initial): C:\Users\Mati\Desktop\Boersenparty-BackEnd\target\classes;C:\Users\Mati\.m2\repository\org\springframework\boot\spring-boot-starter-data-jpa\3.3.5\spring-boot-starter-data-jpa-3.3.5.jar;C:\Users\Mati\.m2\repository\org\springframework\boot\spring-boot-starter-aop\3.3.5\spring-boot-starter-aop-3.3.5.jar;C:\Users\Mati\.m2\repository\org\aspectj\aspectjweaver\1.9.22.1\aspectjweaver-1.9.22.1.jar;C:\Users\Mati\.m2\repository\org\springframework\boot\spring-boot-starter-jdbc\3.3.5\spring-boot-starter-jdbc-3.3.5.jar;C:\Users\Mati\.m2\repository\com\zaxxer\HikariCP\5.1.0\HikariCP-5.1.0.jar;C:\Users\Mati\.m2\repository\org\springframework\spring-jdbc\6.1.14\spring-jdbc-6.1.14.jar;C:\Users\Mati\.m2\repository\org\hibernate\orm\hibernate-core\6.5.3.Final\hibernate-core-6.5.3.Final.jar;C:\Users\Mati\.m2\repository\jakarta\persistence\jakarta.persistence-api\3.1.0\jakarta.persistence-api-3.1.0.jar;C:\Users\Mati\.m2\repository\jakarta\transaction\jakarta.transaction-api\2.0.1\jakarta.transaction-api-2.0.1.jar;C:\Users\Mati\.m2\repository\org\jboss\logging\jboss-logging\3.5.3.Final\jboss-logging-3.5.3.Final.jar;C:\Users\Mati\.m2\repository\org\hibernate\common\hibernate-commons-annotations\6.0.6.Final\hibernate-commons-annotations-6.0.6.Final.jar;C:\Users\Mati\.m2\repository\io\smallrye\jandex\3.1.2\jandex-3.1.2.jar;C:\Users\Mati\.m2\repository\com\fasterxml\classmate\1.7.0\classmate-1.7.0.jar;C:\Users\Mati\.m2\repository\net\bytebuddy\byte-buddy\1.14.19\byte-buddy-1.14.19.jar;C:\Users\Mati\.m2\repository\jakarta\xml\bind\jakarta.xml.bind-api\4.0.2\jakarta.xml.bind-api-4.0.2.jar;C:\Users\Mati\.m2\repository\jakarta\activation\jakarta.activation-api\2.1.3\jakarta.activation-api-2.1.3.jar;C:\Users\Mati\.m2\repository\org\glassfish\jaxb\jaxb-runtime\4.0.5\jaxb-runtime-4.0.5.jar;C:\Users\Mati\.m2\repository\org\glassfish\jaxb\jaxb-core\4.0.5\jaxb-core-4.0.5.jar;C:\Users\Mati\.m2\repository\org\eclipse\angus\angus-activation\2.0.2\angus-activation-2.0.2.jar;C:\Users\Mati\.m2\repository\org\glassfish\jaxb\txw2\4.0.5\txw2-4.0.5.jar;C:\Users\Mati\.m2\repository\com\sun\istack\istack-commons-runtime\4.1.2\istack-commons-runtime-4.1.2.jar;C:\Users\Mati\.m2\repository\jakarta\inject\jakarta.inject-api\2.0.1\jakarta.inject-api-2.0.1.jar;C:\Users\Mati\.m2\repository\org\antlr\antlr4-runtime\4.13.0\antlr4-runtime-4.13.0.jar;C:\Users\Mati\.m2\repository\org\springframework\data\spring-data-jpa\3.3.5\spring-data-jpa-3.3.5.jar;C:\Users\Mati\.m2\repository\org\springframework\data\spring-data-commons\3.3.5\spring-data-commons-3.3.5.jar;C:\Users\Mati\.m2\repository\org\springframework\spring-orm\6.1.14\spring-orm-6.1.14.jar;C:\Users\Mati\.m2\repository\org\springframework\spring-context\6.1.14\spring-context-6.1.14.jar;C:\Users\Mati\.m2\repository\org\springframework\spring-tx\6.1.14\spring-tx-6.1.14.jar;C:\Users\Mati\.m2\repository\org\springframework\spring-beans\6.1.14\spring-beans-6.1.14.jar;C:\Users\Mati\.m2\repository\jakarta\annotation\jakarta.annotation-api\2.1.1\jakarta.annotation-api-2.1.1.jar;C:\Users\Mati\.m2\repository\org\slf4j\slf4j-api\2.0.16\slf4j-api-2.0.16.jar;C:\Users\Mati\.m2\repository\org\springframework\spring-aspects\6.1.14\spring-aspects-6.1.14.jar;C:\Users\Mati\.m2\repository\org\springframework\boot\spring-boot-starter-web\3.3.5\spring-boot-starter-web-3.3.5.jar;C:\Users\Mati\.m2\repository\org\springframework\boot\spring-boot-starter\3.3.5\spring-boot-starter-3.3.5.jar;C:\Users\Mati\.m2\repository\org\springframework\boot\spring-boot\3.3.5\spring-boot-3.3.5.jar;C:\Users\Mati\.m2\repository\org\springframework\boot\spring-boot-autoconfigure\3.3.5\spring-boot-autoconfigure-3.3.5.jar;C:\Users\Mati\.m2\repository\org\springframework\boot\spring-boot-starter-logging\3.3.5\spring-boot-starter-logging-3.3.5.jar;C:\Users\Mati\.m2\repository\ch\qos\logback\logback-classic\1.5.11\logback-classic-1.5.11.jar;C:\Users\Mati\.m2\repository\ch\qos\logback\logback-core\1.5.11\logback-core-1.5.11.jar;C:\Users\Mati\.m2\repository\org\apache\logging\log4j\log4j-to-slf4j\2.23.1\log4j-to-slf4j-2.23.1.jar;C:\Users\Mati\.m2\repository\org\apache\logging\log4j\log4j-api\2.23.1\log4j-api-2.23.1.jar;C:\Users\Mati\.m2\repository\org\slf4j\jul-to-slf4j\2.0.16\jul-to-slf4j-2.0.16.jar;C:\Users\Mati\.m2\repository\org\yaml\snakeyaml\2.2\snakeyaml-2.2.jar;C:\Users\Mati\.m2\repository\org\springframework\boot\spring-boot-starter-json\3.3.5\spring-boot-starter-json-3.3.5.jar;C:\Users\Mati\.m2\repository\com\fasterxml\jackson\core\jackson-databind\2.17.2\jackson-databind-2.17.2.jar;C:\Users\Mati\.m2\repository\com\fasterxml\jackson\core\jackson-annotations\2.17.2\jackson-annotations-2.17.2.jar;C:\Users\Mati\.m2\repository\com\fasterxml\jackson\core\jackson-core\2.17.2\jackson-core-2.17.2.jar;C:\Users\Mati\.m2\repository\com\fasterxml\jackson\datatype\jackson-datatype-jdk8\2.17.2\jackson-datatype-jdk8-2.17.2.jar;C:\Users\Mati\.m2\repository\com\fasterxml\jackson\datatype\jackson-datatype-jsr310\2.17.2\jackson-datatype-jsr310-2.17.2.jar;C:\Users\Mati\.m2\repository\com\fasterxml\jackson\module\jackson-module-parameter-names\2.17.2\jackson-module-parameter-names-2.17.2.jar;C:\Users\Mati\.m2\repository\org\springframework\boot\spring-boot-starter-tomcat\3.3.5\spring-boot-starter-tomcat-3.3.5.jar;C:\Users\Mati\.m2\repository\org\apache\tomcat\embed\tomcat-embed-core\10.1.31\tomcat-embed-core-10.1.31.jar;C:\Users\Mati\.m2\repository\org\apache\tomcat\embed\tomcat-embed-el\10.1.31\tomcat-embed-el-10.1.31.jar;C:\Users\Mati\.m2\repository\org\apache\tomcat\embed\tomcat-embed-websocket\10.1.31\tomcat-embed-websocket-10.1.31.jar;C:\Users\Mati\.m2\repository\org\springframework\spring-web\6.1.14\spring-web-6.1.14.jar;C:\Users\Mati\.m2\repository\io\micrometer\micrometer-observation\1.13.6\micrometer-observation-1.13.6.jar;C:\Users\Mati\.m2\repository\io\micrometer\micrometer-commons\1.13.6\micrometer-commons-1.13.6.jar;C:\Users\Mati\.m2\repository\org\springframework\spring-webmvc\6.1.14\spring-webmvc-6.1.14.jar;C:\Users\Mati\.m2\repository\org\springframework\spring-expression\6.1.14\spring-expression-6.1.14.jar;C:\Users\Mati\.m2\repository\org\springframework\boot\spring-boot-starter-security\3.3.5\spring-boot-starter-security-3.3.5.jar;C:\Users\Mati\.m2\repository\org\springframework\spring-aop\6.1.14\spring-aop-6.1.14.jar;C:\Users\Mati\.m2\repository\org\springframework\security\spring-security-config\6.3.4\spring-security-config-6.3.4.jar;C:\Users\Mati\.m2\repository\org\springframework\security\spring-security-web\6.3.4\spring-security-web-6.3.4.jar;C:\Users\Mati\.m2\repository\org\postgresql\postgresql\42.7.4\postgresql-42.7.4.jar;C:\Users\Mati\.m2\repository\org\checkerframework\checker-qual\3.42.0\checker-qual-3.42.0.jar;C:\Users\Mati\.m2\repository\org\projectlombok\lombok\1.18.34\lombok-1.18.34.jar;C:\Users\Mati\.m2\repository\org\springdoc\springdoc-openapi-starter-webmvc-ui\2.1.0\springdoc-openapi-starter-webmvc-ui-2.1.0.jar;C:\Users\Mati\.m2\repository\org\springdoc\springdoc-openapi-starter-webmvc-api\2.1.0\springdoc-openapi-starter-webmvc-api-2.1.0.jar;C:\Users\Mati\.m2\repository\org\springdoc\springdoc-openapi-starter-common\2.1.0\springdoc-openapi-starter-common-2.1.0.jar;C:\Users\Mati\.m2\repository\io\swagger\core\v3\swagger-core-jakarta\2.2.9\swagger-core-jakarta-2.2.9.jar;C:\Users\Mati\.m2\repository\org\apache\commons\commons-lang3\3.14.0\commons-lang3-3.14.0.jar;C:\Users\Mati\.m2\repository\io\swagger\core\v3\swagger-annotations-jakarta\2.2.9\swagger-annotations-jakarta-2.2.9.jar;C:\Users\Mati\.m2\repository\io\swagger\core\v3\swagger-models-jakarta\2.2.9\swagger-models-jakarta-2.2.9.jar;C:\Users\Mati\.m2\repository\jakarta\validation\jakarta.validation-api\3.0.2\jakarta.validation-api-3.0.2.jar;C:\Users\Mati\.m2\repository\com\fasterxml\jackson\dataformat\jackson-dataformat-yaml\2.17.2\jackson-dataformat-yaml-2.17.2.jar;C:\Users\Mati\.m2\repository\org\webjars\swagger-ui\4.18.2\swagger-ui-4.18.2.jar;C:\Users\Mati\.m2\repository\org\springframework\boot\spring-boot-starter-oauth2-resource-server\3.3.5\spring-boot-starter-oauth2-resource-server-3.3.5.jar;C:\Users\Mati\.m2\repository\org\springframework\security\spring-security-core\6.3.4\spring-security-core-6.3.4.jar;C:\Users\Mati\.m2\repository\org\springframework\security\spring-security-crypto\6.3.4\spring-security-crypto-6.3.4.jar;C:\Users\Mati\.m2\repository\org\springframework\security\spring-security-oauth2-resource-server\6.3.4\spring-security-oauth2-resource-server-6.3.4.jar;C:\Users\Mati\.m2\repository\org\springframework\security\spring-security-oauth2-jose\6.3.4\spring-security-oauth2-jose-6.3.4.jar;C:\Users\Mati\.m2\repository\org\springframework\security\spring-security-oauth2-core\6.3.4\spring-security-oauth2-core-6.3.4.jar;C:\Users\Mati\.m2\repository\org\springframework\spring-core\6.1.14\spring-core-6.1.14.jar;C:\Users\Mati\.m2\repository\org\springframework\spring-jcl\6.1.14\spring-jcl-6.1.14.jar;C:\Users\Mati\.m2\repository\com\nimbusds\nimbus-jose-jwt\9.37.3\nimbus-jose-jwt-9.37.3.jar;C:\Users\Mati\.m2\repository\com\github\stephenc\jcip\jcip-annotations\1.0-1\jcip-annotations-1.0-1.jar
Launcher Type: SUN_STANDARD

[Global flags]
     intx CICompilerCount                          = 4                                         {product} {ergonomic}
     uint ConcGCThreads                            = 2                                         {product} {ergonomic}
     uint G1ConcRefinementThreads                  = 8                                         {product} {ergonomic}
   size_t G1HeapRegionSize                         = 1048576                                   {product} {ergonomic}
    uintx GCDrainStackTargetSize                   = 64                                        {product} {ergonomic}
   size_t InitialHeapSize                          = 132120576                                 {product} {ergonomic}
   size_t MarkStackSize                            = 4194304                                   {product} {ergonomic}
   size_t MaxHeapSize                              = 2095054848                                {product} {ergonomic}
   size_t MaxNewSize                               = 1256194048                                {product} {ergonomic}
   size_t MinHeapDeltaBytes                        = 1048576                                   {product} {ergonomic}
   size_t MinHeapSize                              = 8388608                                   {product} {ergonomic}
    uintx NonNMethodCodeHeapSize                   = 5839372                                {pd product} {ergonomic}
    uintx NonProfiledCodeHeapSize                  = 122909434                              {pd product} {ergonomic}
    uintx ProfiledCodeHeapSize                     = 122909434                              {pd product} {ergonomic}
    uintx ReservedCodeCacheSize                    = 251658240                              {pd product} {ergonomic}
     bool SegmentedCodeCache                       = true                                      {product} {ergonomic}
   size_t SoftMaxHeapSize                          = 2095054848                             {manageable} {ergonomic}
     bool UseCompressedClassPointers               = true                           {product lp64_product} {ergonomic}
     bool UseCompressedOops                        = true                           {product lp64_product} {ergonomic}
     bool UseG1GC                                  = true                                      {product} {ergonomic}
     bool UseLargePagesIndividualAllocation        = false                                  {pd product} {ergonomic}

Logging:
Log output configuration:
 #0: stdout all=warning uptime,level,tags foldmultilines=false
 #1: stderr all=off uptime,level,tags foldmultilines=false

Environment Variables:
PATH=C:\Python312\Scripts\;C:\Python312\;C:\Users\Mati\AppData\Roaming\Python\Python311\site-packages;C:\Python311\;C:\Python311\Scripts\;C:\Program Files\UniConvertor-2.0rc5\dlls;C:\Users\Mati\Desktop\studienprojekt_neu;C:\Program Files\Microsoft\jdk-11.0.12.7-hotspot\bin;C:\Program Files (x86)\VMware\VMware Player\bin\;C:\Windows\system32;C:\Windows;C:\Windows\System32\Wbem;C:\Windows\System32\WindowsPowerShell\v1.0\;C:\Windows\System32\OpenSSH\;C:\Program Files\TortoiseGit\bin;C:\Program Files\Git\cmd;C:\ProgramData\chocolatey\bin;C:\Program Files\dotnet\;C:\Users\Mati\Anaconda3\Lib\site-packages\graphviz;C:\Program Files\Docker\Docker\resources\bin;C:\Program Files\apache-maven-3.9.2\bin;C:\Users\Mati\AppData\Roaming\nvm;C:\Program Files\nodejs;C:\Program Files\UniConvertor-2.0rc5\;C:\Program Files (x86)\Microsoft SQL Server\Client SDK\ODBC\130\Tools\Binn\;C:\Program Files (x86)\Microsoft SQL Server\140\Tools\Binn\;C:\Program Files (x86)\Microsoft SQL Server\140\DTS\Binn\;C:\Program Files (x86)\Microsoft SQL Server\140\Tools\Binn\ManagementStudio\;C:\Users\Mati\AppData\Roaming\npm;C:\Program Files\nodejs\;C:\Program Files\Microsoft SQL Server\160\Tools\Binn\;C:\Python311\Scripts;C:\Users\Mati\AppData\Roaming\Python\Python311\Scripts;C:\Users\Mati\AppData\Roaming\Python\Python311\site-packages;C:\Program Files\MySQL\MySQL Shell 8.0\bin\;C:\Users\Mati\Desktop\studienprojekt_neu;C:\Program Files\MySQL\MySQL Server 8.0\bin;C:\Users\Mati\AppData\Local\Programs\Microsoft VS Code\bin;C:\Users\Mati\AppData\Local\GitHubDesktop\bin;C:\Users\Mati\Anaconda3\Lib\site-packages\graphviz;C:\Program Files\JetBrains\IntelliJ IDEA Community Edition 2023.1.2\bin;C:\Users\Mati\AppData\Roaming\nvm;C:\Program Files\nodejs;C:\Users\Mati\AppData\Roaming\npm;C:\Users\Mati\AppData\Local\JetBrains\Toolbox\scripts;
USERNAME=Mati
OS=Windows_NT
PROCESSOR_IDENTIFIER=Intel64 Family 6 Model 140 Stepping 1, GenuineIntel
TMP=C:\Users\Mati\AppData\Local\Temp
TEMP=C:\Users\Mati\AppData\Local\Temp




---------------  S Y S T E M  ---------------

OS:
 Windows 10 , 64 bit Build 19041 (10.0.19041.5198)
OS uptime: 5 days 1:27 hours
Hyper-V role detected

CPU: total 8 (initial active 8) (4 cores per cpu, 2 threads per core) family 6 model 140 stepping 1 microcode 0x66, cx8, cmov, fxsr, ht, mmx, 3dnowpref, sse, sse2, sse3, ssse3, sse4.1, sse4.2, popcnt, lzcnt, tsc, tscinvbit, avx, avx2, aes, erms, clmul, bmi1, bmi2, adx, avx512f, avx512dq, avx512cd, avx512bw, avx512vl, sha, fma, vzeroupper, avx512_vpopcntdq, avx512_vpclmulqdq, avx512_vaes, avx512_vnni, clflush, clflushopt, clwb, avx512_vbmi2, avx512_vbmi, hv, rdtscp, rdpid, fsrm, gfni, avx512_bitalg, f16c, cet_ibt, cet_ss, avx512_ifma

Memory: 4k page, system-wide physical 7991M (37M free)
TotalPageFile size 32567M (AvailPageFile size 0M)
current process WorkingSet (physical memory assigned to process): 115M, peak: 256M
current process commit charge ("private bytes"): 278M, peak: 293M

vm_info: OpenJDK 64-Bit Server VM (20.0.1+9-29) for windows-amd64 JRE (20.0.1+9-29), built on 2023-03-07T13:56:11Z by "mach5one" with MS VC++ 17.1 (VS2022)

END.
